[ 2024-01-15 14:14:56,664 ] 18 root - INFO - Pinged your deployment. You successfully connected to MongoDB!
[ 2024-01-15 14:14:57,135 ] 18 root - INFO - Pinged your deployment. You successfully connected to MongoDB!
[ 2024-01-15 14:15:00,552 ] 1729 httpx - INFO - HTTP Request: POST https://api.telegram.org/bot6666820551:AAH4qD0_CXR1QacZkW6UXgzI0j5RvchCKhs/getMe "HTTP/1.1 200 OK"
[ 2024-01-15 14:15:00,904 ] 1729 httpx - INFO - HTTP Request: POST https://api.telegram.org/bot6666820551:AAH4qD0_CXR1QacZkW6UXgzI0j5RvchCKhs/deleteWebhook "HTTP/1.1 200 OK"
[ 2024-01-15 14:15:00,907 ] 620 telegram.ext.Application - INFO - Application started
[ 2024-01-15 14:15:07,620 ] 1729 httpx - INFO - HTTP Request: POST https://api.telegram.org/bot6666820551:AAH4qD0_CXR1QacZkW6UXgzI0j5RvchCKhs/getUpdates "HTTP/1.1 200 OK"
[ 2024-01-15 14:15:07,644 ] 42 root - INFO - Text by user Shivansh, text is Hello fuck y+you
[ 2024-01-15 14:15:08,565 ] 1013 httpx - INFO - HTTP Request: POST https://translate.google.com/_/TranslateWebserverUi/data/batchexecute?rpcids=MkEWBc&bl=boq_translate-webserver_20201207.13_p0&soc-app=1&soc-platform=1&soc-device=1&rt=c "HTTP/2 200 OK"
[ 2024-01-15 14:15:11,867 ] 125 root - INFO - {'label': 'toxic', 'score': 0.9972785115242004} by Shivansh
[ 2024-01-15 14:15:15,033 ] 1729 httpx - INFO - HTTP Request: POST https://api.telegram.org/bot6666820551:AAH4qD0_CXR1QacZkW6UXgzI0j5RvchCKhs/deleteMessage "HTTP/1.1 200 OK"
[ 2024-01-15 14:15:15,576 ] 1729 httpx - INFO - HTTP Request: POST https://api.telegram.org/bot6666820551:AAH4qD0_CXR1QacZkW6UXgzI0j5RvchCKhs/sendMessage "HTTP/1.1 200 OK"
[ 2024-01-15 14:15:15,577 ] 140 root - INFO - Removed Shivansh
[ 2024-01-15 14:15:16,021 ] 1729 httpx - INFO - HTTP Request: POST https://api.telegram.org/bot6666820551:AAH4qD0_CXR1QacZkW6UXgzI0j5RvchCKhs/banChatMember "HTTP/1.1 400 Bad Request"
[ 2024-01-15 14:15:16,023 ] 145 root - ERROR - Error removing Shivansh
[ 2024-01-15 14:15:22,462 ] 1729 httpx - INFO - HTTP Request: POST https://api.telegram.org/bot6666820551:AAH4qD0_CXR1QacZkW6UXgzI0j5RvchCKhs/getUpdates "HTTP/1.1 200 OK"
[ 2024-01-15 14:15:32,921 ] 1729 httpx - INFO - HTTP Request: POST https://api.telegram.org/bot6666820551:AAH4qD0_CXR1QacZkW6UXgzI0j5RvchCKhs/getUpdates "HTTP/1.1 200 OK"
[ 2024-01-15 14:15:43,346 ] 1729 httpx - INFO - HTTP Request: POST https://api.telegram.org/bot6666820551:AAH4qD0_CXR1QacZkW6UXgzI0j5RvchCKhs/getUpdates "HTTP/1.1 200 OK"
[ 2024-01-15 14:15:53,791 ] 1729 httpx - INFO - HTTP Request: POST https://api.telegram.org/bot6666820551:AAH4qD0_CXR1QacZkW6UXgzI0j5RvchCKhs/getUpdates "HTTP/1.1 200 OK"
[ 2024-01-15 14:16:04,244 ] 1729 httpx - INFO - HTTP Request: POST https://api.telegram.org/bot6666820551:AAH4qD0_CXR1QacZkW6UXgzI0j5RvchCKhs/getUpdates "HTTP/1.1 200 OK"
[ 2024-01-15 14:16:14,624 ] 1729 httpx - INFO - HTTP Request: POST https://api.telegram.org/bot6666820551:AAH4qD0_CXR1QacZkW6UXgzI0j5RvchCKhs/getUpdates "HTTP/1.1 200 OK"
[ 2024-01-15 14:16:25,007 ] 1729 httpx - INFO - HTTP Request: POST https://api.telegram.org/bot6666820551:AAH4qD0_CXR1QacZkW6UXgzI0j5RvchCKhs/getUpdates "HTTP/1.1 200 OK"
[ 2024-01-15 14:16:35,465 ] 1729 httpx - INFO - HTTP Request: POST https://api.telegram.org/bot6666820551:AAH4qD0_CXR1QacZkW6UXgzI0j5RvchCKhs/getUpdates "HTTP/1.1 200 OK"
[ 2024-01-15 14:16:45,927 ] 1729 httpx - INFO - HTTP Request: POST https://api.telegram.org/bot6666820551:AAH4qD0_CXR1QacZkW6UXgzI0j5RvchCKhs/getUpdates "HTTP/1.1 200 OK"
[ 2024-01-15 14:16:56,316 ] 1729 httpx - INFO - HTTP Request: POST https://api.telegram.org/bot6666820551:AAH4qD0_CXR1QacZkW6UXgzI0j5RvchCKhs/getUpdates "HTTP/1.1 200 OK"
[ 2024-01-15 14:17:06,701 ] 1729 httpx - INFO - HTTP Request: POST https://api.telegram.org/bot6666820551:AAH4qD0_CXR1QacZkW6UXgzI0j5RvchCKhs/getUpdates "HTTP/1.1 200 OK"
[ 2024-01-15 14:17:17,085 ] 1729 httpx - INFO - HTTP Request: POST https://api.telegram.org/bot6666820551:AAH4qD0_CXR1QacZkW6UXgzI0j5RvchCKhs/getUpdates "HTTP/1.1 200 OK"
[ 2024-01-15 14:17:27,467 ] 1729 httpx - INFO - HTTP Request: POST https://api.telegram.org/bot6666820551:AAH4qD0_CXR1QacZkW6UXgzI0j5RvchCKhs/getUpdates "HTTP/1.1 200 OK"
[ 2024-01-15 14:17:38,571 ] 1729 httpx - INFO - HTTP Request: POST https://api.telegram.org/bot6666820551:AAH4qD0_CXR1QacZkW6UXgzI0j5RvchCKhs/getUpdates "HTTP/1.1 200 OK"
[ 2024-01-15 14:17:48,972 ] 1729 httpx - INFO - HTTP Request: POST https://api.telegram.org/bot6666820551:AAH4qD0_CXR1QacZkW6UXgzI0j5RvchCKhs/getUpdates "HTTP/1.1 200 OK"
[ 2024-01-15 14:17:59,434 ] 1729 httpx - INFO - HTTP Request: POST https://api.telegram.org/bot6666820551:AAH4qD0_CXR1QacZkW6UXgzI0j5RvchCKhs/getUpdates "HTTP/1.1 200 OK"
[ 2024-01-15 14:18:09,894 ] 1729 httpx - INFO - HTTP Request: POST https://api.telegram.org/bot6666820551:AAH4qD0_CXR1QacZkW6UXgzI0j5RvchCKhs/getUpdates "HTTP/1.1 200 OK"
[ 2024-01-15 14:18:20,340 ] 1729 httpx - INFO - HTTP Request: POST https://api.telegram.org/bot6666820551:AAH4qD0_CXR1QacZkW6UXgzI0j5RvchCKhs/getUpdates "HTTP/1.1 200 OK"
[ 2024-01-15 14:18:30,783 ] 1729 httpx - INFO - HTTP Request: POST https://api.telegram.org/bot6666820551:AAH4qD0_CXR1QacZkW6UXgzI0j5RvchCKhs/getUpdates "HTTP/1.1 200 OK"
[ 2024-01-15 14:18:41,234 ] 1729 httpx - INFO - HTTP Request: POST https://api.telegram.org/bot6666820551:AAH4qD0_CXR1QacZkW6UXgzI0j5RvchCKhs/getUpdates "HTTP/1.1 200 OK"
[ 2024-01-15 14:18:51,677 ] 1729 httpx - INFO - HTTP Request: POST https://api.telegram.org/bot6666820551:AAH4qD0_CXR1QacZkW6UXgzI0j5RvchCKhs/getUpdates "HTTP/1.1 200 OK"
[ 2024-01-15 14:19:02,321 ] 1729 httpx - INFO - HTTP Request: POST https://api.telegram.org/bot6666820551:AAH4qD0_CXR1QacZkW6UXgzI0j5RvchCKhs/getUpdates "HTTP/1.1 200 OK"
[ 2024-01-15 14:19:12,769 ] 1729 httpx - INFO - HTTP Request: POST https://api.telegram.org/bot6666820551:AAH4qD0_CXR1QacZkW6UXgzI0j5RvchCKhs/getUpdates "HTTP/1.1 200 OK"
[ 2024-01-15 14:19:23,213 ] 1729 httpx - INFO - HTTP Request: POST https://api.telegram.org/bot6666820551:AAH4qD0_CXR1QacZkW6UXgzI0j5RvchCKhs/getUpdates "HTTP/1.1 200 OK"
[ 2024-01-15 14:19:33,599 ] 1729 httpx - INFO - HTTP Request: POST https://api.telegram.org/bot6666820551:AAH4qD0_CXR1QacZkW6UXgzI0j5RvchCKhs/getUpdates "HTTP/1.1 200 OK"
[ 2024-01-15 14:19:44,111 ] 1729 httpx - INFO - HTTP Request: POST https://api.telegram.org/bot6666820551:AAH4qD0_CXR1QacZkW6UXgzI0j5RvchCKhs/getUpdates "HTTP/1.1 200 OK"
[ 2024-01-15 14:19:54,558 ] 1729 httpx - INFO - HTTP Request: POST https://api.telegram.org/bot6666820551:AAH4qD0_CXR1QacZkW6UXgzI0j5RvchCKhs/getUpdates "HTTP/1.1 200 OK"
[ 2024-01-15 14:20:04,933 ] 1729 httpx - INFO - HTTP Request: POST https://api.telegram.org/bot6666820551:AAH4qD0_CXR1QacZkW6UXgzI0j5RvchCKhs/getUpdates "HTTP/1.1 200 OK"
[ 2024-01-15 14:20:15,441 ] 1729 httpx - INFO - HTTP Request: POST https://api.telegram.org/bot6666820551:AAH4qD0_CXR1QacZkW6UXgzI0j5RvchCKhs/getUpdates "HTTP/1.1 200 OK"
[ 2024-01-15 14:20:25,882 ] 1729 httpx - INFO - HTTP Request: POST https://api.telegram.org/bot6666820551:AAH4qD0_CXR1QacZkW6UXgzI0j5RvchCKhs/getUpdates "HTTP/1.1 200 OK"
[ 2024-01-15 14:20:36,323 ] 1729 httpx - INFO - HTTP Request: POST https://api.telegram.org/bot6666820551:AAH4qD0_CXR1QacZkW6UXgzI0j5RvchCKhs/getUpdates "HTTP/1.1 200 OK"
[ 2024-01-15 14:20:46,698 ] 1729 httpx - INFO - HTTP Request: POST https://api.telegram.org/bot6666820551:AAH4qD0_CXR1QacZkW6UXgzI0j5RvchCKhs/getUpdates "HTTP/1.1 200 OK"
[ 2024-01-15 14:20:57,117 ] 1729 httpx - INFO - HTTP Request: POST https://api.telegram.org/bot6666820551:AAH4qD0_CXR1QacZkW6UXgzI0j5RvchCKhs/getUpdates "HTTP/1.1 200 OK"
[ 2024-01-15 14:21:07,502 ] 1729 httpx - INFO - HTTP Request: POST https://api.telegram.org/bot6666820551:AAH4qD0_CXR1QacZkW6UXgzI0j5RvchCKhs/getUpdates "HTTP/1.1 200 OK"
[ 2024-01-15 14:21:18,003 ] 1729 httpx - INFO - HTTP Request: POST https://api.telegram.org/bot6666820551:AAH4qD0_CXR1QacZkW6UXgzI0j5RvchCKhs/getUpdates "HTTP/1.1 200 OK"
[ 2024-01-15 14:21:29,054 ] 1729 httpx - INFO - HTTP Request: POST https://api.telegram.org/bot6666820551:AAH4qD0_CXR1QacZkW6UXgzI0j5RvchCKhs/getUpdates "HTTP/1.1 200 OK"
[ 2024-01-15 14:21:39,450 ] 1729 httpx - INFO - HTTP Request: POST https://api.telegram.org/bot6666820551:AAH4qD0_CXR1QacZkW6UXgzI0j5RvchCKhs/getUpdates "HTTP/1.1 200 OK"
[ 2024-01-15 14:21:49,831 ] 1729 httpx - INFO - HTTP Request: POST https://api.telegram.org/bot6666820551:AAH4qD0_CXR1QacZkW6UXgzI0j5RvchCKhs/getUpdates "HTTP/1.1 200 OK"
[ 2024-01-15 14:22:00,290 ] 1729 httpx - INFO - HTTP Request: POST https://api.telegram.org/bot6666820551:AAH4qD0_CXR1QacZkW6UXgzI0j5RvchCKhs/getUpdates "HTTP/1.1 200 OK"
[ 2024-01-15 14:22:11,361 ] 1729 httpx - INFO - HTTP Request: POST https://api.telegram.org/bot6666820551:AAH4qD0_CXR1QacZkW6UXgzI0j5RvchCKhs/getUpdates "HTTP/1.1 200 OK"
[ 2024-01-15 14:22:21,804 ] 1729 httpx - INFO - HTTP Request: POST https://api.telegram.org/bot6666820551:AAH4qD0_CXR1QacZkW6UXgzI0j5RvchCKhs/getUpdates "HTTP/1.1 200 OK"
[ 2024-01-15 14:22:32,246 ] 1729 httpx - INFO - HTTP Request: POST https://api.telegram.org/bot6666820551:AAH4qD0_CXR1QacZkW6UXgzI0j5RvchCKhs/getUpdates "HTTP/1.1 200 OK"
[ 2024-01-15 14:22:42,701 ] 1729 httpx - INFO - HTTP Request: POST https://api.telegram.org/bot6666820551:AAH4qD0_CXR1QacZkW6UXgzI0j5RvchCKhs/getUpdates "HTTP/1.1 200 OK"
[ 2024-01-15 14:22:53,146 ] 1729 httpx - INFO - HTTP Request: POST https://api.telegram.org/bot6666820551:AAH4qD0_CXR1QacZkW6UXgzI0j5RvchCKhs/getUpdates "HTTP/1.1 200 OK"
[ 2024-01-15 14:23:03,592 ] 1729 httpx - INFO - HTTP Request: POST https://api.telegram.org/bot6666820551:AAH4qD0_CXR1QacZkW6UXgzI0j5RvchCKhs/getUpdates "HTTP/1.1 200 OK"
[ 2024-01-15 14:23:14,655 ] 1729 httpx - INFO - HTTP Request: POST https://api.telegram.org/bot6666820551:AAH4qD0_CXR1QacZkW6UXgzI0j5RvchCKhs/getUpdates "HTTP/1.1 200 OK"
[ 2024-01-15 14:23:25,092 ] 1729 httpx - INFO - HTTP Request: POST https://api.telegram.org/bot6666820551:AAH4qD0_CXR1QacZkW6UXgzI0j5RvchCKhs/getUpdates "HTTP/1.1 200 OK"
[ 2024-01-15 14:23:35,526 ] 1729 httpx - INFO - HTTP Request: POST https://api.telegram.org/bot6666820551:AAH4qD0_CXR1QacZkW6UXgzI0j5RvchCKhs/getUpdates "HTTP/1.1 200 OK"
[ 2024-01-15 14:23:45,982 ] 1729 httpx - INFO - HTTP Request: POST https://api.telegram.org/bot6666820551:AAH4qD0_CXR1QacZkW6UXgzI0j5RvchCKhs/getUpdates "HTTP/1.1 200 OK"
[ 2024-01-15 14:23:57,072 ] 1729 httpx - INFO - HTTP Request: POST https://api.telegram.org/bot6666820551:AAH4qD0_CXR1QacZkW6UXgzI0j5RvchCKhs/getUpdates "HTTP/1.1 200 OK"
[ 2024-01-15 14:24:08,210 ] 1729 httpx - INFO - HTTP Request: POST https://api.telegram.org/bot6666820551:AAH4qD0_CXR1QacZkW6UXgzI0j5RvchCKhs/getUpdates "HTTP/1.1 200 OK"
[ 2024-01-15 14:24:18,648 ] 1729 httpx - INFO - HTTP Request: POST https://api.telegram.org/bot6666820551:AAH4qD0_CXR1QacZkW6UXgzI0j5RvchCKhs/getUpdates "HTTP/1.1 200 OK"
[ 2024-01-15 14:24:29,097 ] 1729 httpx - INFO - HTTP Request: POST https://api.telegram.org/bot6666820551:AAH4qD0_CXR1QacZkW6UXgzI0j5RvchCKhs/getUpdates "HTTP/1.1 200 OK"
[ 2024-01-15 14:24:40,139 ] 1729 httpx - INFO - HTTP Request: POST https://api.telegram.org/bot6666820551:AAH4qD0_CXR1QacZkW6UXgzI0j5RvchCKhs/getUpdates "HTTP/1.1 200 OK"
[ 2024-01-15 14:24:50,606 ] 1729 httpx - INFO - HTTP Request: POST https://api.telegram.org/bot6666820551:AAH4qD0_CXR1QacZkW6UXgzI0j5RvchCKhs/getUpdates "HTTP/1.1 200 OK"
[ 2024-01-15 14:25:00,984 ] 1729 httpx - INFO - HTTP Request: POST https://api.telegram.org/bot6666820551:AAH4qD0_CXR1QacZkW6UXgzI0j5RvchCKhs/getUpdates "HTTP/1.1 200 OK"
[ 2024-01-15 14:25:11,371 ] 1729 httpx - INFO - HTTP Request: POST https://api.telegram.org/bot6666820551:AAH4qD0_CXR1QacZkW6UXgzI0j5RvchCKhs/getUpdates "HTTP/1.1 200 OK"
[ 2024-01-15 14:25:21,753 ] 1729 httpx - INFO - HTTP Request: POST https://api.telegram.org/bot6666820551:AAH4qD0_CXR1QacZkW6UXgzI0j5RvchCKhs/getUpdates "HTTP/1.1 200 OK"
[ 2024-01-15 14:25:32,893 ] 1729 httpx - INFO - HTTP Request: POST https://api.telegram.org/bot6666820551:AAH4qD0_CXR1QacZkW6UXgzI0j5RvchCKhs/getUpdates "HTTP/1.1 200 OK"
[ 2024-01-15 14:25:43,688 ] 1729 httpx - INFO - HTTP Request: POST https://api.telegram.org/bot6666820551:AAH4qD0_CXR1QacZkW6UXgzI0j5RvchCKhs/getUpdates "HTTP/1.1 200 OK"
[ 2024-01-15 14:25:54,291 ] 1729 httpx - INFO - HTTP Request: POST https://api.telegram.org/bot6666820551:AAH4qD0_CXR1QacZkW6UXgzI0j5RvchCKhs/getUpdates "HTTP/1.1 200 OK"
[ 2024-01-15 14:26:04,831 ] 1729 httpx - INFO - HTTP Request: POST https://api.telegram.org/bot6666820551:AAH4qD0_CXR1QacZkW6UXgzI0j5RvchCKhs/getUpdates "HTTP/1.1 200 OK"
[ 2024-01-15 14:26:15,285 ] 1729 httpx - INFO - HTTP Request: POST https://api.telegram.org/bot6666820551:AAH4qD0_CXR1QacZkW6UXgzI0j5RvchCKhs/getUpdates "HTTP/1.1 200 OK"
[ 2024-01-15 14:26:25,733 ] 1729 httpx - INFO - HTTP Request: POST https://api.telegram.org/bot6666820551:AAH4qD0_CXR1QacZkW6UXgzI0j5RvchCKhs/getUpdates "HTTP/1.1 200 OK"
[ 2024-01-15 14:26:36,667 ] 1729 httpx - INFO - HTTP Request: POST https://api.telegram.org/bot6666820551:AAH4qD0_CXR1QacZkW6UXgzI0j5RvchCKhs/getUpdates "HTTP/1.1 200 OK"
[ 2024-01-15 14:26:47,715 ] 1729 httpx - INFO - HTTP Request: POST https://api.telegram.org/bot6666820551:AAH4qD0_CXR1QacZkW6UXgzI0j5RvchCKhs/getUpdates "HTTP/1.1 200 OK"
[ 2024-01-15 14:26:58,183 ] 1729 httpx - INFO - HTTP Request: POST https://api.telegram.org/bot6666820551:AAH4qD0_CXR1QacZkW6UXgzI0j5RvchCKhs/getUpdates "HTTP/1.1 200 OK"
[ 2024-01-15 14:27:08,628 ] 1729 httpx - INFO - HTTP Request: POST https://api.telegram.org/bot6666820551:AAH4qD0_CXR1QacZkW6UXgzI0j5RvchCKhs/getUpdates "HTTP/1.1 200 OK"
[ 2024-01-15 14:27:19,143 ] 1729 httpx - INFO - HTTP Request: POST https://api.telegram.org/bot6666820551:AAH4qD0_CXR1QacZkW6UXgzI0j5RvchCKhs/getUpdates "HTTP/1.1 200 OK"
[ 2024-01-15 14:27:29,619 ] 1729 httpx - INFO - HTTP Request: POST https://api.telegram.org/bot6666820551:AAH4qD0_CXR1QacZkW6UXgzI0j5RvchCKhs/getUpdates "HTTP/1.1 200 OK"
[ 2024-01-15 14:27:40,785 ] 1729 httpx - INFO - HTTP Request: POST https://api.telegram.org/bot6666820551:AAH4qD0_CXR1QacZkW6UXgzI0j5RvchCKhs/getUpdates "HTTP/1.1 200 OK"
[ 2024-01-15 14:27:51,228 ] 1729 httpx - INFO - HTTP Request: POST https://api.telegram.org/bot6666820551:AAH4qD0_CXR1QacZkW6UXgzI0j5RvchCKhs/getUpdates "HTTP/1.1 200 OK"
[ 2024-01-15 14:28:01,671 ] 1729 httpx - INFO - HTTP Request: POST https://api.telegram.org/bot6666820551:AAH4qD0_CXR1QacZkW6UXgzI0j5RvchCKhs/getUpdates "HTTP/1.1 200 OK"
[ 2024-01-15 14:28:12,050 ] 1729 httpx - INFO - HTTP Request: POST https://api.telegram.org/bot6666820551:AAH4qD0_CXR1QacZkW6UXgzI0j5RvchCKhs/getUpdates "HTTP/1.1 200 OK"
[ 2024-01-15 14:28:22,442 ] 1729 httpx - INFO - HTTP Request: POST https://api.telegram.org/bot6666820551:AAH4qD0_CXR1QacZkW6UXgzI0j5RvchCKhs/getUpdates "HTTP/1.1 200 OK"
[ 2024-01-15 14:28:33,911 ] 1729 httpx - INFO - HTTP Request: POST https://api.telegram.org/bot6666820551:AAH4qD0_CXR1QacZkW6UXgzI0j5RvchCKhs/getUpdates "HTTP/1.1 200 OK"
[ 2024-01-15 14:28:33,912 ] 653 telegram.ext.Application - INFO - Application is stopping. This might take a moment.
[ 2024-01-15 14:28:33,912 ] 678 telegram.ext.Application - INFO - Application.stop() complete
